<?xml version="1.0" encoding="UTF-8"?>
<!-- Generated by org.testng.reporters.JUnitReportReporter -->
<testsuite hostname="LAPTOP-H6LHOJ5I" failures="0" tests="1" name="ExecutingTestcases.Scripting" time="14.234" errors="0" timestamp="2024-09-23T10:38:44 IST" skipped="0">
  <testcase classname="ExecutingTestcases.Scripting" name="TestCase" time="14.234"/>
  <system-out/>
</testsuite> <!-- ExecutingTestcases.Scripting -->
