<?xml version="1.0" encoding="UTF-8"?>
<!-- Generated by org.testng.reporters.JUnitReportReporter -->
<testsuite hostname="LAPTOP-H6LHOJ5I" failures="0" tests="1" name="BaseClass.NewTest" time="38.368" errors="0" timestamp="2024-09-22T12:52:47 IST" skipped="0">
  <testcase classname="BaseClass.NewTest" name="TestCase" time="38.368"/>
  <system-out/>
</testsuite> <!-- BaseClass.NewTest -->
