<?xml version="1.0" encoding="UTF-8"?>
<!-- Generated by org.testng.reporters.JUnitReportReporter -->
<testsuite hostname="LAPTOP-H6LHOJ5I" failures="0" tests="1" name="assignment.Scripting" time="6.118" errors="0" timestamp="2024-12-26T20:37:00 IST" skipped="0">
  <testcase classname="assignment.Scripting" name="TestCase1" time="6.118"/>
  <system-out/>
</testsuite> <!-- assignment.Scripting -->
